
================================================================================
NEW POST FOUND: 2025-07-28 21:04:35.306823
================================================================================
Title: Open for applications - Murphi.ai's Job Profile - AI/ML Intern
Author: Sudhanshu Behera
Posted: 4 hours ago

Details:
Applications are now being accepted for Murphi.ai's Job Profile: AI/ML Intern.
Eligible students will be able to find this job profile under JOB PROFILES options, and apply.
Applicable Courses
M.Tech. - Computer Science & Engineering, KIITB_17
M.Tech. - Software Engineering, KIITB_17
M.Tech. - Computer Science & Information Security, KIITB_17
M.Tech. - Data Analytics, KIITB_17
M.Tech. - AI & Data Science (AI & Data Science), KIITB_17
Eligibility
M.Tech.

Main Link: https://app.joinsuperset.com/students
Found at: 2025-07-28T21:04:24.917916
================================================================================


================================================================================
NEW POST FOUND: 2025-07-28 21:04:35.306823
================================================================================
Title: Share the Skill & Certification Details for Qualcomm Recruitment Drive-2026 Batch
Author: Madhusmita Behera
Posted: 4 hours ago

Details:
Kind Atten n : 2026 Graduating B.Tech (All Branches) Students
This is to inform all the above students that Qualcomm will be very shortly conducting Online Test only for the students having any one of the Skillsets with Certification mentioned below.
Students having below skill sets & certifications are directed to REGISTER & UPLOAD their certificate in the link given below on or before 29th July’2025 by 9.00 AM.
https://tinyurl.com/a7pedknf
Eligibility Criteria :  6.00 or above CGPA in B.Tech
: No Backlogs
Skills & Certification :

Links found (1):
  1. https://tinyurl.com/a7pedknf: https://tinyurl.com/a7pedknf

Main Link: https://app.joinsuperset.com/students
Found at: 2025-07-28T21:04:25.100142
================================================================================


================================================================================
NEW POST FOUND: 2025-07-28 21:04:35.306823
================================================================================
Title: ConglomerateIT NCET Test for 2026 Graduating Batch
Author: Madhusmita Behera
Posted: 11 hours ago

Details:
Kind Atten n : ConglomerateIT Internship cum PPO Recruitment Drive Registered Eligible Students-2026 Graduating Batch
This is to inform all the above students that ConglomerateIT Internship cum performance based PPO Recruitment Drive - NCET Test window is open till 29th July’2025.
All the students (list attached) are directed to complete the test on or before 29th July’2025  by 12.00 Noon.
Eligibility Criteria  :  Registered Eligible Students
Process : NCET Test (mandatory)
: Domain Competency Test & Interview (Tech + HR) will be notified in due course
Test Window Period : Open till 29th July’2025 by 12.00 Noon

Links found (3):
  1. : https://match.myanatomy.in/shortened/66c8377059b583177d5299bf
  2. : https://match.myanatomy.in/candidate/publicRegistration?inviteLink=bd75bc77d0efb515582e1a3665d6c5d1;ead47e900752fadf58416ac6aff17200b6def5604e67a9e7ec737e0e323eb93e2ef53f14e272a31114c94fef0c2cb769f99d5bece2d04fff2eaab5f2a79c6504238c947d8161279a20d2a967dd81f7ba252eb655b4074871744f1b4abac420c4c22e3ab635afc0d5250b65e06402e46bf35378d241b5811ff94cd30db592d2c52524d211ed4f6bf36c759e26ea1a6a4790e43e0c1c8087d2a41fff25f404a3a1caaeff9e5f60d9164fb2cd9ccd118369d70ecf2e8fe9e44e6be2718ec860404167ad8bce18b34568ac2e8c1eade50829d70f1dc610bf66bd3800cf5382b17903
  3. : https://t.me/+uHpNUG8qeXZjMGE1

Main Link: https://app.joinsuperset.com/students
Found at: 2025-07-28T21:04:25.325308
================================================================================


================================================================================
NEW POST FOUND: 2025-07-28 21:04:35.306823
================================================================================
Title: Shortlist published for Stage 2 (NCET) of Conglomerate IT's Data Science ,AI Intern
Author: Sudhanshu Behera
Posted: 11 hours ago

Details:
Following students are shortlisted for Stage 2 (NCET)

Nachiketa Singh (22053170)
Shobhit Katriyar (2230289)
Mann Lahoti (22052220)
Diptanshu Saha (22051334)
Amrit Raj (22053486)
Aditi Dewangan (22051308)
Tanishq Pandey (2206305)
Ananya Sapre (2205875)
Piyush Kumar Tiwari (2206193)
Raja Bhukta (2205917)
Anwesh Dash (2205016)
Shanskar Kumar Sarraf (22054372)
Roshan Kumar Singh (22054329)

Main Link: https://app.joinsuperset.com/students
Found at: 2025-07-28T21:04:25.739070
================================================================================


================================================================================
NEW POST FOUND: 2025-07-28 21:04:35.306823
================================================================================
Title: Venue and Date published for Stage 2 (NCET) of Conglomerate IT's Data Science ,AI Intern
Author: Sudhanshu Behera
Posted: 11 hours ago

Details:
Stage 2 (NCET) of Conglomerate IT's Data Science ,AI Intern
Venue: Virtually
Timing: July, 28, 10:00 AM IST to July, 29, 11:59 AM IST

Main Link: https://app.joinsuperset.com/students
Found at: 2025-07-28T21:04:25.867457
================================================================================


================================================================================
NEW POST FOUND: 2025-07-28 21:04:35.306823
================================================================================
Title: Open for applications - TVS Motor Company's Job Profile - Territory Manager-Service (2 Wheeler),Territory Manager-Sales (2W)
Author: Madhusmita Behera
Posted: 2 days ago

Details:
Applications are now being accepted for TVS Motor Company's Job Profile: Territory Manager-Service (2 Wheeler),Territory Manager-Sales (2W).
Eligible students will be able to find this job profile under JOB PROFILES options, and apply.
Applicable Courses
B.Tech - Mechatronics Engineering, KIITB_17
B.Tech - Civil Engineering (Civil Engineering), KIITB_17
B.Tech - Mechanical Engineering, KIITB_17
B.Tech - Mechanical Engineering(Automobile), KIITB_17
B.Tech - Electronics & Electrical Engineering, KIITB_17
B.Tech - Electrical Engineering, KIITB_17
B.Tech - Aerospace Engineering, KIITB_17
B.Tech - Electronics & Telecommunication Engineering,

Main Link: https://app.joinsuperset.com/students
Found at: 2025-07-28T21:04:26.407495
================================================================================


================================================================================
NEW POST FOUND: 2025-07-28 21:04:35.306823
================================================================================
Title: Share your final profile preference for Nemkart Internship Cum PPO Recruitment Drive-2026 Batch
Author: Swarna Manjari Swain
Posted: 2 days ago

Details:
All the students who attended the Nemkart PPT today are directed to share their final profile preference in the link given below today(26th Jul 2025) by 5.00 PM.
https://tinyurl.com/Profile-Preference-Nemekart
Profile Offered :
Enterprise Domain Sales Associate
Software Developer
AI Engineer

Links found (1):
  1. https://tinyurl.com/Profile-Preference-Nemekart: https://tinyurl.com/Profile-Preference-Nemekart

Main Link: https://app.joinsuperset.com/students
Found at: 2025-07-28T21:04:26.740303
================================================================================


================================================================================
NEW POST FOUND: 2025-07-28 21:04:35.306823
================================================================================
Title: Namekart Internship cum PPO Recruitment Drive-PPT on 26th July'25 for 2026 Batch
Author: Swarna Manjari Swain
Posted: 2 days ago

Details:
Kind Attenn:  Namekart Internship cum PPO Recruitment Drive
                        Shortlisted Students-2026 Graduating Batch
This is to inform all the above students that Namekart Internship cum performance based PPO Recruitment Drive- PPT is scheduled today (26th July’2025) virtually.
All the students (list attached ) are directed to attend the PPT as per the details mentioned below.
Eligibility Criteria : SHORTLISTED STUDENTS 
Process : PPT
: Further process will be notified in due course
Date : 26th July’2025 (today)

Links found (1):
  1. : https://event.webinarjam.com/go/live/1/q5yg2b6tps0sk

Main Link: https://app.joinsuperset.com/students
Found at: 2025-07-28T21:04:26.897599
================================================================================


================================================================================
NEW POST FOUND: 2025-07-28 21:04:35.308390
================================================================================
Title: BNY Virtual Engagement Series 28th July'2025 - 2026 Graduating Batch
Author: Madhusmita Behera
Posted: 2 days ago

Details:
Kind Atten n : 2026 Graduating B.Tech (CSE/CS&CE/CS&SE /IT / ETC / E&CS / EEE/Mech) Students
This is to inform all the above students that BNY Virtual Engagement Series is scheduled from 28th July’2025.
All the registered student (who have registered in BNY link) are directed to attend the series as per the details mentioned below.
Event Details:
Session 1: Mastering Interviews for Engineering Students
Date : 28th July 2025, Monday
Time : 5:00 PM | (UTC+05:30) Chennai, Kolkata, Mumbai, New Delhi
https://bnymevents.webex.com/bnymevents/j.php?MTID=m487276fd5ffe3d5b0a20a887c2ab7db1

Links found (4):
  1. https://bnymevents.webex.com/bnymevents/j.php?MTID=m487276fd5ffe3d5b0a20a887c2ab7db1: https://bnymevents.webex.com/bnymevents/j.php?MTID=m487276fd5ffe3d5b0a20a887c2ab7db1
  2. : https://bnymevents.webex.com/bnymevents/j.php?MTID=ma8c2550bcdabad73e1d516555d7e7302
  3. : https://bnymevents.webex.com/bnymevents/j.php?MTID=m56e37e71ae16dd9af58f2a30fd9f0a36
  4. : https://bnymevents.webex.com/bnymevents/j.php?MTID=m9ed8f74abf03f8c8b554f7664646ff76

Main Link: https://app.joinsuperset.com/students
Found at: 2025-07-28T21:04:27.114777
================================================================================


================================================================================
NEW POST FOUND: 2025-07-28 21:04:35.308390
================================================================================
Title: Revise Notice-Registration for Hack to Hire 2026 Graduating Batch
Author: Lalini Prava Behera
Posted: 3 days ago

Details:
Kind Attenn : 2026  Graduating  B.Tech (CSE) Students
 This is to inform all the above students that Bluestone in collaboration with KIIT DU will be conducting a hackathon Hack2Hire: Hack your way to BlueStone! Very shortly.
Interested students are directed to REGISTER in the links given below on or before 26th July’2025 by 4.00 PM to participate for the same.
 https://forms.gle/Jy3NPXUv5qpc5q8J9
Hackathon Structure:
The hackathon will be conducted in two rounds as outlined below:
Round 1: Online Coding Assignment (virtual) :
Participants to be evaluated based on the accuracy and efficiency of their solutions.

Links found (1):
  1. https://forms.gle/Jy3NPXUv5qpc5q8J9: https://app.joinsuperset.com/%20https://forms.gle/Jy3NPXUv5qpc5q8J9

Main Link: https://app.joinsuperset.com/students
Found at: 2025-07-28T21:04:27.284792
================================================================================


================================================================================
NEW POST FOUND: 2025-07-28 21:04:35.310408
================================================================================
Title: Rescheduled Kaara Technology Online Test on 25th July'2025 for 2026 Graduating Batch
Author: Madhusmita Behera
Posted: 3 days ago

Details:
Kind Atten n : Kaara Technology Internship cum PPO Recruitment Drive Registered Eligible Students-2026 Graduating Batch 
This is to inform the above students that Kaara Technology Internship Cum Performance Based PPO Recruitment Drive - Online Test is scheduled today (25th July’2025) virtually.
All the students (list attached) are directed to take the test at any location as per the details mentioned below.
Eligibility Criteria : Registered Eligible Students
Process : Online Test (virtually)
: Further process will be notified in due course.
Date : 25th July’2025 (today)
Rescheduled Time : 8.00 PM

Links found (1):
  1. : https://t.me/+b5589MZc7uwwMDZl

Main Link: https://app.joinsuperset.com/students
Found at: 2025-07-28T21:04:27.438154
================================================================================


================================================================================
NEW POST FOUND: 2025-07-28 21:04:35.310408
================================================================================
Title: Revised Notice- Share your video Assignment for SuperAGI Recruitment Drive for 2026 Batch
Author: Swarna Manjari Swain
Posted: 3 days ago

Details:
Kind Attenn : SuperAGI Recruitment Drive
                           Registered Eligible Students-2026 Graduating Batch
This is to inform all the above students that as a next step of SuperAGI Recruitment Process,  you are directed to share the Video Assignment (Maximum 2 Minutes)  in the link given below on or before 26th July’2025 by 9.00 AM.
https://tinyurl.com/yceyhrz8
Important Note:
Students who applied for Sales Development Representative (SDR) are only to share the video Assignment.
We will not share the video assignment of students who applied for other profiles (those who have shared the video assignment in the above link).

Links found (1):
  1. https://tinyurl.com/yceyhrz8: https://tinyurl.com/yceyhrz8

Main Link: https://app.joinsuperset.com/students
Found at: 2025-07-28T21:04:27.601651
================================================================================


================================================================================
NEW POST FOUND: 2025-07-28 21:04:35.310408
================================================================================
Title: CME Group Internship cum PPO Recruitment Drive - PPT on 24th July'2025 - 2026 Graduating Batch
Author: Madhusmita Behera
Posted: 4 days ago

Details:
Kind Attenn : 2026 Graduating B.Tech (CSE/CS&SE/CS&CE/IT) Students
This is to inform all the above students that CME Group Recruitment Drive (Train & Hire Model) - PPT is scheduled on 25th July’2025 at KIIT Campus physically.
Students are directed to report as per the details mentioned below.
Process   :  PPT on 25th July’2025 at KIIT Campus Physically
: Further process for the shortlisted students will be notified in Due course
Reporting Date : 25th July’2025
Reporting Time : 10.30 AM
Reporting Venue : Auditorium ,School of Biotechnology ,Campus-11

Main Link: https://app.joinsuperset.com/students
Found at: 2025-07-28T21:04:27.765159
================================================================================


================================================================================
NEW POST FOUND: 2025-07-28 21:04:35.310408
================================================================================
Title: Registration for HPCL-Mittal Energy Limited (HMEL) Energy Quest - 2.0 for 2026 & 2027 Graduating Batch
Author: Debjani Jena
Posted: 4 days ago

Details:
Kind Attn : 2026 & 2027 Graduating B.Tech (All Branches) Students
 This is to inform all the above students that HPCL-Mittal Energy Limited (HMEL) will be conducting a Quest - 2.0 Event.
 Energy Quest will provide an enriching experience for the students and create a platform for them to explore career opportunities in the energy sector.
 Gear up for an exhilarating intellectual challenge with HMEL's Energy Quest 2.0! This exciting event is designed to ignite your curiosity, test your technical acumen, and showcase your problem-solving skills. Whether you're a budding engineer, a computer whiz, or a science enthusiast, this event promises to captivate and inspire.

Links found (1):
  1. : https://xathon.mettl.com/event/Energy-quest2025?utm_source=TPO

Main Link: https://app.joinsuperset.com/students
Found at: 2025-07-28T21:04:27.922781
================================================================================


================================================================================
NEW POST FOUND: 2025-07-28 21:04:35.310408
================================================================================
Title: Registration for BNY Virtual Engagement Series - 2026 Graduating Batch
Author: Debjani Jena
Posted: 4 days ago

Details:
Kind Attenn : 2026  Graduating  B.Tech (CSE/CS&CE/CS&SE /IT / ETC / E&CS / EEE/Mech)  Students
 This is to inform all the above students that BNY  will be conducting a Virtual Engagement Series from 28th July’2025. 
Interested students are directed to REGISTER in the link given below on or before 25th July’2025 by 9.00 AM to participate for the same.
https://www.hackerrank.com/test-v2/6djlca94i1k/4e691b9d20c1109842f2e2b6def6a97d
 Event Details :
Session 1 : Mastering Interviews for Engineering Students

Links found (1):
  1. https://www.hackerrank.com/test-v2/6djlca94i1k/4e691b9d20c1109842f2e2b6def6a97d: https://www.hackerrank.com/test-v2/6djlca94i1k/4e691b9d20c1109842f2e2b6def6a97d

Main Link: https://app.joinsuperset.com/students
Found at: 2025-07-28T21:04:28.111601
================================================================================


================================================================================
NEW POST FOUND: 2025-07-28 21:04:35.310408
================================================================================
Title: Registration for Hike Internship Cum PPO Recruitment Drive- 2026 Graduating Batch
Author: Debjani Jena
Posted: 4 days ago

Details:
Kind Attenn : 2026 Graduating B.Tech (CSE/CS&SE/CS&CE/IT) & M.Tech (CSE/Cybersecurity/AI & DS) Students
This is to inform all the above students that Hike will be conducting an Internship cum performance based PPO Recruitment Drive physically very shortly. 
Interested eligible students are directed to REGISTER in the link given below on or before 25th July’2025 by 2.00 PM to participate for the same. 
Registration Link for SDE DevOps Intern :
https://docs.google.com/forms/d/1deix7Fs8CR2XGNu5qLJ6N__E2_s5f4pKO7WBqLelq5Q/viewform?edit_requested=true
 Registration Link for Data Engineering:

Links found (2):
  1. https://docs.google.com/forms/d/1deix7Fs8CR2XGNu5qLJ6N__E2_s5f4pKO7WBqLelq5Q/viewform?edit_requested=true: https://docs.google.com/forms/d/1deix7Fs8CR2XGNu5qLJ6N__E2_s5f4pKO7WBqLelq5Q/viewform?edit_requested=true
  2. : https://docs.google.com/forms/d/14UDxLRkChc5-t90Yha-D4rkX7Z2A8nfpeoVZ4gKsKgQ/viewform?edit_requested=true

Main Link: https://app.joinsuperset.com/students
Found at: 2025-07-28T21:04:28.284756
================================================================================


================================================================================
NEW POST FOUND: 2025-07-28 21:04:35.310408
================================================================================
Title: Open for applications - Aditya Birla(2nd Visit)'s Job Profile - Data Science / Data Engineering
Author: Madhusmita Behera
Posted: 4 days ago

Details:
Applications are now being accepted for Aditya Birla(2nd Visit)'s Job Profile: Data Science / Data Engineering.
Eligible students will be able to find this job profile under JOB PROFILES options, and apply.
Applicable Courses
B.Tech - Computer Science & System Engineering, KIITB_17
B.Tech - Computer Science & Communication Engineering, KIITB_17
B.Tech - Computer Science & Engineering, KIITB_17
B.Tech - Information Technology, KIITB_17
Eligibility
B.Tech

Main Link: https://app.joinsuperset.com/students
Found at: 2025-07-28T21:04:28.433952
================================================================================


================================================================================
NEW POST FOUND: 2025-07-28 21:04:35.310408
================================================================================
Title: Open for applications - WizCommerce's Job Profile - Sales Development Representative- International Sales
Author: Debjani Jena
Posted: 5 days ago

Details:
Applications are now being accepted for WizCommerce's Job Profile: Sales Development Representative- International Sales.
Eligible students will be able to find this job profile under JOB PROFILES options, and apply.
Applicable Courses
B.Tech - Information Technology, KIITB_17
B.Tech - Electronics & Electrical Engineering, KIITB_17
B.Tech - Computer Science & Communication Engineering, KIITB_17
B.Tech - Electronics & Telecommunication Engineering, KIITB_17
B.Tech - Computer Science & Engineering, KIITB_17
B.Tech - Electronics & Control System Engineering,

Main Link: https://app.joinsuperset.com/students
Found at: 2025-07-28T21:04:28.581469
================================================================================


================================================================================
NEW POST FOUND: 2025-07-28 21:04:35.310408
================================================================================
Title: MathCo Recruitment Drive - Online Test on 26th July'2025 for 2026 Graduating Batch
Author: Madhusmita Behera
Posted: 5 days ago

Details:
Kind Attenn : MathCo Recruitment Drive Shortlisted Students - 2026 Graduating Batch
This is to inform all the above students that MathCo Recruitment Drive - Online Assessment is scheduled on 26th July’2025 (Virtually).
All the shortlisted students (list attached) are directed to take the test as per the details mentioned below.
Eligibility Criteria :
SHORTLISTED BY THE COMPANY
Process  :  Online Test on 26th July’2025 (virtually)
:PPT & Interview for the shortlisted students from online test will be on 11th August’2025 at KIIT Campus physically.
Online Test Date : 26th July’2025

Links found (1):
  1. : https://t.me/+Z-4caavJ5H85MTg1

Main Link: https://app.joinsuperset.com/students
Found at: 2025-07-28T21:04:28.758889
================================================================================


================================================================================
NEW POST FOUND: 2025-07-28 21:04:35.310408
================================================================================
Title: Open for applications - Conglomerate IT's Job Profile - Data Science ,AI Intern
Author: Madhusmita Behera
Posted: 6 days ago

Details:
Applications are now being accepted for Conglomerate IT's Job Profile: Data Science ,AI Intern.
Eligible students will be able to find this job profile under JOB PROFILES options, and apply.
Applicable Courses
M.Tech. - Computer Science & Engineering, KIITB_17
M.Tech. - AI & Data Science (AI & Data Science), KIITB_17
B.Tech - Information Technology, KIITB_17
B.Tech - Electronics and Computer Science Engineering, KIITB_17
B.Tech - Computer Science & System Engineering, KIITB_17
M.Tech. - Computer Science & Information Security, KIITB_17

Main Link: https://app.joinsuperset.com/students
Found at: 2025-07-28T21:04:28.900927
================================================================================


================================================================================
NEW POST FOUND: 2025-07-28 21:04:35.310408
================================================================================
Title: Extension - Registration for Money Mastery Investor Awareness Program for 2026 Graduating Batch
Author: Debjani Jena
Posted: 6 days ago

Details:
Kind Attenn : 2026 Graduating B.Tech (All Branches) Students 
 This is to inform all the above students that SEBI SMART Organization is conducting a Money Mastery Investor Awareness Flagship Program — a no-cost financial literacy on 26th July’2025 (virtually). 
This program covers the fundamentals of investing and the capital market through practical insights and relatable scenarios to ensure a practical and engaging learning experience. It is also available in 10+ regional languages to suit diverse student groups. 
Interested students are directed to REGISTER in the link given below today(22nd July’2025) by 2.00 PM  to participate for the same.

Links found (1):
  1. : https://tinyurl.com/Registration-MoneyMastery-26

Main Link: https://app.joinsuperset.com/students
Found at: 2025-07-28T21:04:29.077967
================================================================================


================================================================================
NEW POST FOUND: 2025-07-28 21:04:35.310408
================================================================================
Title: Booking Holdings Internship cum PPO Recruitment Drive -PPT today (22nd July'2025) for 2026 Batch
Author: Madhusmita Behera
Posted: 6 days ago

Details:
Kind Atten n : 2026 Graduating B.Tech (All Branches) Students
This is to inform all the above students that Booking Holdings India COE Internship cum Performance Based PPO Recruitment Drive – virtual PPT is scheduled today (22 nd July’2025)
The students who have registered in the company’s link are directed to attend the PPT as per the details mentioned below .
Process  :    PPT
:   Further process for the shortlisted students will be  notified in due course
Date  :  22nd July’2025
Time  :  5:00 PM – 6:00 PM

Links found (1):
  1. : https://priceline.zoom.us/j/92939846229?pwd=1Ab6MyDG5NKtriJJ02tnTan6ES1P3s.1

Main Link: https://app.joinsuperset.com/students
Found at: 2025-07-28T21:04:29.230017
================================================================================


================================================================================
NEW POST FOUND: 2025-07-28 21:04:35.313074
================================================================================
Title: Qualcomm Internship cum PPO Recruitment Drive - Online Test today (21st July'2025)- 2026 Graduating Batch
Author: Madhusmita Behera
Posted: 7 days ago

Details:
Kind Atten n : Qualcomm Internship PPO Recruitment Drive Shortlisted Students - 2026 Graduating Batch
This is to inform all the above students that Qualcomm Internship cum performance based PPO Recruitment Drive - Online Test is scheduled today (21st July’2025) Virtually .
The students who have received the online test link from HirePro / Qualcomm are directed to take the test as per the details mentioned below.
Process : Online Test (Virtually)
: Further process for the shortlisted students will be notified in due Course
Test date and Time : 21st July, 5:00 PM to 7:00 PM (30 Mins Login Window)
Duration of the test : 90 Mins

Main Link: https://app.joinsuperset.com/students
Found at: 2025-07-28T21:04:29.909124
================================================================================


================================================================================
NEW POST FOUND: 2025-07-28 21:04:35.313074
================================================================================
Title: Registration for Amazon ML Summer School for 2026 & 2027 Graduating Batch
Author: Madhusmita Behera
Posted: 7 days ago

Details:
Kind Atten n : 2026 & 2027 Graduating B.Tech, M.Tech (All Branches) Students
This is to inform all the above students that Amazon is back with the fifth edition of Machine Learning Summer School - an incredible skill building program which provides students with the right mix of theoretical and practical knowledge empowering them to build Science careers
Interested students are directed to REGISTER in the link given below on or before 31st July’2025 by 9.00 AM to participate for the same.
https://www.scaler.com/partnerships/amazon?utm_source=email
Key Dates:

Links found (1):
  1. https://www.scaler.com/partnerships/amazon?utm_source=email: https://www.scaler.com/partnerships/amazon?utm_source=email

Main Link: https://app.joinsuperset.com/students
Found at: 2025-07-28T21:04:30.126086
================================================================================


================================================================================
NEW POST FOUND: 2025-07-28 21:04:35.313074
================================================================================
Title: Deadline for Applications changed - CME Group's Job Profile - NA
Author: Swarna Manjari Swain
Posted: 7 days ago

Details:
Please note that new deadline for applications is July, 22, 10:00 AM IST

If you have not applied already, please apply before deadline expires.

Main Link: https://app.joinsuperset.com/students
Found at: 2025-07-28T21:04:30.260102
================================================================================


================================================================================
NEW POST FOUND: 2025-07-28 21:04:35.313074
================================================================================
Title: Open for applications - CME Group's Job Profile - NA
Author: Madhusmita Behera
Posted: 7 days ago

Details:
Applications are now being accepted for CME Group's Job Profile: NA.
Eligible students will be able to find this job profile under JOB PROFILES options, and apply.
Applicable Courses
B.Tech - Information Technology, KIITB_17
B.Tech - Computer Science & Communication Engineering, KIITB_17
B.Tech - Computer Science & System Engineering, KIITB_17
B.Tech - Computer Science & Engineering, KIITB_17
Eligibility
B.Tech

Main Link: https://app.joinsuperset.com/students
Found at: 2025-07-28T21:04:30.403040
================================================================================


================================================================================
NEW POST FOUND: 2025-07-28 21:04:35.313074
================================================================================
Title: Deadline for Applications changed - MosChip's Job Profile - Analog Design ,Digital Design/DV/ESW
Author: Swarna Manjari Swain
Posted: 7 days ago

Details:
Please note that new deadline for applications is July, 21, 11:00 AM IST

If you have not applied already, please apply before deadline expires.

Main Link: https://app.joinsuperset.com/students
Found at: 2025-07-28T21:04:30.543615
================================================================================


================================================================================
NEW POST FOUND: 2025-07-28 21:04:35.313074
================================================================================
Title: Revised Notice - Placement Orientation Program from 22nd July'2025 for 2026 Graduating Batch
Author: Debjani Jena
Posted: 9 days ago

Details:
Attenn : Revise Placement Orientation Program 2026 Graduating B.Tech (All Branches) & MCA Students
This is to inform you that the Placement Orientation Program has been scheduled for your batch on Physical Mode as per the following schedule. 
All the Students are directed to attend the program positively as it is a precursor to the upcoming recruitment/internship opportunities for this year. 
Date
Branch
Reporting Venue
Reporting Time

B.Tech (CSE)
Campus-6,
6.00 PM

Main Link: https://app.joinsuperset.com/students
Found at: 2025-07-28T21:04:30.702045
================================================================================


================================================================================
NEW POST FOUND: 2025-07-28 21:04:35.313074
================================================================================
Title: Revised Notice-Complete the Registration for Qualcomm Internship cum PPO Recruitment Drive- 2026 Graduating Batch
Author: Swarna Manjari Swain
Posted: 9 days ago

Details:
Kind Attenn : Qualcomm Internship cum PPO Recruitment Drive
Registered Eligible Students - 2026 Graduating Batch
This is to inform all the above students that Qualcomm (for the profile of Cyber Security Intern) Internship cum performance based PPO Recruitment Drive - Online Test is scheduled on 21st July’2025 at KIIT Campus physically.
All the registered eligible students are directed to COMPLETE THE REGISTRATION IN THE LINK GIVEN BELOW on or before 20th July’2025 10.00 AM to participate for the same.
https://a.hirepro.in/jfxNR4CA
Note:
THE STUDENTS THOSE WHO HAVE ALREDY COMPLETE THE REGISTRATION IN THE ABOVE LINK EARLIER NEED NOT TO REGISTERD AGAIN.

Links found (1):
  1. https://a.hirepro.in/jfxNR4CA: https://a.hirepro.in/jfxNR4CA

Main Link: https://app.joinsuperset.com/students
Found at: 2025-07-28T21:04:30.851693
================================================================================


================================================================================
NEW POST FOUND: 2025-07-28 21:04:35.313074
================================================================================
Title: Open for applications - MosChip's Job Profile - Analog Design ,Digital Design/DV/ESW
Author: Madhusmita Behera
Posted: 9 days ago

Details:
Applications are now being accepted for MosChip's Job Profile: Analog Design ,Digital Design/DV/ESW.
Eligible students will be able to find this job profile under JOB PROFILES options, and apply.
Applicable Courses
B.Tech - Electronics and Computer Science Engineering, KIITB_17
B.Tech - Electronics & Telecommunication Engineering, KIITB_17
B.Tech - Electronics & Electrical Engineering, KIITB_17
Eligibility
B.Tech
Class 10th - 70 PERCENT

Main Link: https://app.joinsuperset.com/students
Found at: 2025-07-28T21:04:31.009518
================================================================================


================================================================================
NEW POST FOUND: 2025-07-28 21:04:35.313074
================================================================================
Title: Complete the Registration for Qualcomm Internship cum PPO Recruitment Drive- 2026 Graduating Batch
Author: Swarna Manjari Swain
Posted: 9 days ago

Details:
Kind Attenn : Qualcomm Internship cum PPO Recruitment Drive
Registered Eligible Students - 2026 Graduating Batch
This is to inform all the above students that Qualcomm Internship cum performance based PPO Recruitment Drive - Online Test is scheduled on 21st July’2025 at KIIT Campus physically.
All the registered eligible students are directed to COMPLETE THE REGISTRATION IN THE LINK GIVEN BELOW on or before 20th July’2025 10.00 AM to participate for the same.
https://a.hirepro.in/jfxNR4CA
Note:
THE STUDENTS THOSE WHO HAVE ALREDY COMPLETE THE REGISTRATION IN THE ABOVE LINK EARLIER NEED NOT TO REGISTERD AGAIN.

Links found (1):
  1. https://a.hirepro.in/jfxNR4CA: https://a.hirepro.in/jfxNR4CA

Main Link: https://app.joinsuperset.com/students
Found at: 2025-07-28T21:04:31.202757
================================================================================


================================================================================
NEW POST FOUND: 2025-07-28 21:04:35.313074
================================================================================
Title: Deadline for Applications changed - Marvell (2nd Visit)'s Job Profile - Software QA Engineer Intern
Author: Debjani Jena
Posted: 9 days ago

Details:
Please note that new deadline for applications is July, 20, 10:00 AM IST

If you have not applied already, please apply before deadline expires.

Main Link: https://app.joinsuperset.com/students
Found at: 2025-07-28T21:04:31.351928
================================================================================


================================================================================
NEW POST FOUND: 2025-07-28 21:04:35.313074
================================================================================
Title: Open for applications - Marvell (2nd Visit)'s Job Profile - Software QA Engineer Intern
Author: Madhusmita Behera
Posted: 9 days ago

Details:
Applications are now being accepted for Marvell (2nd Visit)'s Job Profile: Software QA Engineer Intern.
Eligible students will be able to find this job profile under JOB PROFILES options, and apply.
Applicable Courses
B.Tech - Computer Science & Engineering, KIITB_17
Eligibility
B.Tech
Undergraduate - 7 CGPA
No backlogs
Hiring Process - Stages
Shortlisted
Deadline for applications is July, 20, 08:30 PM .

Main Link: https://app.joinsuperset.com/students
Found at: 2025-07-28T21:04:31.487201
================================================================================


================================================================================
NEW POST FOUND: 2025-07-28 21:04:35.313074
================================================================================
Title: Open for applications - TensorGo Software Pvt Ltd.'s Job Profile - Full Stack Intern, Computer Vision Intern
Author: Swarna Manjari Swain
Posted: 10 days ago

Details:
Applications are now being accepted for TensorGoÂ Software Pvt Ltd.'s Job Profile: Full Stack Intern, Computer Vision Intern.
Eligible students will be able to find this job profile under JOB PROFILES options, and apply.
Applicable Courses
B.Tech - Computer Science & Communication Engineering, KIITB_17
B.Tech - Computer Science & System Engineering, KIITB_17
B.Tech - Information Technology, KIITB_17
B.Tech - Computer Science & Engineering, KIITB_17
Eligibility

Main Link: https://app.joinsuperset.com/students
Found at: 2025-07-28T21:04:31.616412
================================================================================


================================================================================
NEW POST FOUND: 2025-07-28 21:04:35.313074
================================================================================
Title: Notice of Enrollment to Submit Internship work as Project - I (7th Semester) - 2026 batch
Author: Sudhanshu Behera
Posted: 10 days ago

Details:
Attn : 2026 Graduating Batch B.Tech Students
Sub: Enrollment to Submit Internship Work mapped to Project – I of 7th Semester
This is to inform all the above students that there is a scope for mapping of Internship work against Project – I of 7th Semester.
The eligibility criteria of mapping the internship work are mentioned below:
All ongoing On/Off campus internship (No MoU’s required).
Student must have a valid internship Offer Letter (No email copies will be considered).
Student must have been issued a No Objection Certificate (NOC) from the office of T&P.

Main Link: https://app.joinsuperset.com/students
Found at: 2025-07-28T21:04:31.750086
================================================================================


================================================================================
NEW POST FOUND: 2025-07-28 21:04:35.313074
================================================================================
Title: Open for applications - Qualcomm's Job Profile - Cyber Security- Intern
Author: Sudhanshu Behera
Posted: 10 days ago

Details:
Applications are now being accepted for Qualcomm's Job Profile: Cyber Security- Intern.
Eligible students will be able to find this job profile under JOB PROFILES options, and apply.
Applicable Courses
B.Tech - Computer Science & System Engineering, KIITB_17
B.Tech - Computer Science & Communication Engineering, KIITB_17
B.Tech - Information Technology, KIITB_17
B.Tech - Computer Science & Engineering, KIITB_17
Eligibility
B.Tech

Main Link: https://app.joinsuperset.com/students
Found at: 2025-07-28T21:04:31.908108
================================================================================


================================================================================
NEW POST FOUND: 2025-07-28 21:04:35.313074
================================================================================
Title: Registration for Deloitte Bridge Campus Learning Series for 2026 Graduating Batch.
Author: Swarna Manjari Swain
Posted: 11 days ago

Details:
Kind Attenn:  2026 Graduating B.Tech (All Branches) Students
This is to inform all the above students that Deloitte USI India will be conducting a Session with regard to their BRIDGE Campus Learning Series on 28th Jul’ 2025 from 5 PM to 6.15 PM (virtually). 
This session will be led by Deloitte business leaders and specialists and will host the topic “AI Agents in Action: Essentials, Implementation, and Best Practice”.
The session leverage the expertise of their business specialists and leaders to showcase how business strategies are built using insights through real-world business scenarios.
Students are directed to REGISTER in the link given below on or before 21st Jul’2025 by 2.00 PM to participate for the same.

Links found (4):
  1. : https://usrecruiting.deloitte.com/usi-campus-%20%20bridge?id=in:2sm:3li:4BRIDGECampusLearningSeries;%20USI24CampusHiring::6:20231116053000::%20%2011801911456:5&utm_source=li&utm_campaign=BRIDGECampusLearningSeries;%20USI24Campus%20%20Hiring&utm_medium=social&linkId=24824962
  2. : https://usrecruiting.deloitte.com/usi-campus-%20%20bridge?id=in:2sm:3li:4BRIDGECampusLearningSeries;%20USI24CampusHiring::6:20231116053000::%20%2011801911456:5&utm_source=li&utm_campaign=BRIDGECampusLearningSeries;%20USI24Campus%20%20Hiring&utm_medium=social&linkId=24824962
  3. : https://usrecruiting.deloitte.com/usi-campus-%20%20bridge?id=in:2sm:3li:4BRIDGECampusLearningSeries;%20USI24CampusHiring::6:20231116053000::%20%2011801911456:5&utm_source=li&utm_campaign=BRIDGECampusLearningSeries;%20USI24Campus%20%20Hiring&utm_medium=social&linkId=24824962
  4. : https://usrecruiting.deloitte.com/usi-campus-%20%20bridge?id=in:2sm:3li:4BRIDGECampusLearningSeries;%20USI24CampusHiring::6:20231116053000::%20%2011801911456:5&utm_source=li&utm_campaign=BRIDGECampusLearningSeries;%20USI24Campus%20%20Hiring&utm_medium=social&linkId=24824962

Main Link: https://app.joinsuperset.com/students
Found at: 2025-07-28T21:04:32.134725
================================================================================


================================================================================
NEW POST FOUND: 2025-07-28 21:04:35.313074
================================================================================
Title: Registration for rtCamp(2nd Visit) Recruitment Drive for 2026 Graduating Batch
Author: Madhusmita Behera
Posted: 11 days ago

Details:
Kind Attenn : 2026 Graduating B.Tech (CSE/CS&SE/ CS&CE/ IT) Students
This is to inform all the above students that rtCamp Solutions (P) Ltd.(2nd Visit) will be conducting Recruitment Drive in Hybrid mode very shortly.
Interested eligible students are directed to REGISTER in the link given below on or before 19th July’2025 by 10.00 AM participate for the same.
Student Registration Link –
https://careers.rtcamp.com/job/associate-software-engineer/
Details about the Campus Hiring Program -
https://careers.rtcamp.com/campus/
Profile Offered : Associate Software Engineer

Links found (2):
  1. https://careers.rtcamp.com/job/associate-software-engineer/: https://careers.rtcamp.com/job/associate-software-engineer/
  2. https://careers.rtcamp.com/campus/: https://careers.rtcamp.com/campus/

Main Link: https://app.joinsuperset.com/students
Found at: 2025-07-28T21:04:32.323844
================================================================================


================================================================================
NEW POST FOUND: 2025-07-28 21:04:35.313074
================================================================================
Title: Rescheduled - Booking Holdings Internship cum PPO Recruitment Drive PPT on 22nd July'2025 for 2026 Graduating Batch
Author: Debjani Jena
Posted: 11 days ago

Details:
Kind Attenn:  2026 Graduating B.Tech (All Branches) Students
 This is to inform all the above students that Booking Holdings India COE Internship cum Performance Based PPO Recruitment Drive – PPT (through Internshala) which was scheduled on 18th July’2025 has been rescheduled to 22nd July’2025 (virtually).
 Note :
The PPT Link & other process will be notified in due course.

Main Link: https://app.joinsuperset.com/students
Found at: 2025-07-28T21:04:32.475565
================================================================================


================================================================================
NEW POST FOUND: 2025-07-28 21:04:35.313074
================================================================================
Title: Registration for PayPal Virtual Session for 2026 & 2027 Graduating Batch
Author: Debjani Jena
Posted: 11 days ago

Details:
Kind Attenn : 2026 & 2027 Graduating B.Tech (CSE/CS&SE/CS&CE/IT) Students
  This is to inform all the above students that PayPal will be conducting a virtual Session on “Engineering Your Future – Skills, Mindset, and Growth” to explore the mindset, skill sets, and real-life career insights that drive success in the evolving world of tech and innovation on 24th July’2025.
  Interested students are directed to REGISTER in the link given below on or before 23rd July’2025 by 4.00 PM to participate for the same.

Links found (1):
  1. : https://paypal.eightfold.ai/events/candidate?plannedEventId=Y4kOjAkL

Main Link: https://app.joinsuperset.com/students
Found at: 2025-07-28T21:04:32.667266
================================================================================


================================================================================
NEW POST FOUND: 2025-07-28 21:04:35.313074
================================================================================
Title: Shortlist published for Stage 2 (Group discussion) of Zen Data Shastra's Associate Business Analyst
Author: Debjani Jena
Posted: 12 days ago

Details:
Following students are shortlisted for Stage 2 (Group discussion)

Sai Shibamani Nayak (2205842)
Sourendu Mandal (22052774)
Anurag Modak (22053143)
Roni Mandal (22052668)
Shaurya Anand (22051371)
Aditya Mohanty (2205265)
Aniket Das (22053226)
Shiv Shankar Yadav (22054405)
Aarya Patel (2206424)
Mayukh Pattanayak (22051525)
Tanish Khosla (2205513)
Nishu Kumari (22054220)

Main Link: https://app.joinsuperset.com/students
Found at: 2025-07-28T21:04:32.837149
================================================================================


================================================================================
NEW POST FOUND: 2025-07-28 21:04:35.313074
================================================================================
Title: Share your participation consent for the profile of Founder Office Intern Binocs Internship Cum PPO Recruitment Drive for 2026 Graduating Batch
Author: Swarna Manjari Swain
Posted: 12 days ago

Details:
Kind Attenn : 2026 Graduating B.Tech (All Branches) Students
This is to inform all the above students that the registration for the profile of Business Operations Analyst Intern of Binocs stands cancelled.
The company has shared us a revised profile .
You are therefore directed to share your participation consent for the revised profile in the link given below on or before 17th July’2025 by 1.00 PM.
https://tinyurl.com/2x7fwrab
Find below the revised profile details:
Profile Offered : Founder’s Office Intern
Process : Short Listing

Links found (1):
  1. https://tinyurl.com/2x7fwrab: https://tinyurl.com/2x7fwrab

Main Link: https://app.joinsuperset.com/students
Found at: 2025-07-28T21:04:33.033980
================================================================================


================================================================================
NEW POST FOUND: 2025-07-28 21:04:35.313074
================================================================================
Title: EPAM Internship Cum PPO Recruitment Drive - Online Test on 17th & 18th July'2025 - 2026 Batch
Author: Madhusmita Behera
Posted: 12 days ago

Details:
Kind Attenn : EPAM Internship Cum PPO Recruitment Drive Shortlisted Students - 2026 Graduating Batch
This is to inform all the above students that EPAM Internship Cum Performance Based PPO Recruitment Drive - Online Test is scheduled on 17th & 18th July’2025 at KIIT Campus (Physically) .
All the shortlisted students (list attached) are directed to report as per the details mentioned below.
Eligibility Criteria :  SHORTLISTED BY THE COMPANY
Process : Online Test (Test Coding Languages: Java)
: PPT ,GD & Technical Interview on 31st July2025
: Interview (Tech +HR) on 1st Aug’2025
: Final Interviews (Tech+HR) on 2nd Aug’2025

Links found (1):
  1. : https://learn.epam.com/

Main Link: https://app.joinsuperset.com/students
Found at: 2025-07-28T21:04:33.233153
================================================================================


================================================================================
NEW POST FOUND: 2025-07-28 21:04:35.313074
================================================================================
Title: Shortlist published for Stage 2 (Registration Completion) of Qualcomm's IT Intern
Author: Debjani Jena
Posted: 12 days ago

Details:
Following students are shortlisted for Stage 2 (Registration Completion)

Md Azlan (2205138)
RISHAV KUMAR (22052663)
Soham Manna (22052243)
Anushka Mondal (22053843)
Rohan Kushwaha (22054370)
Apratim Dutta (2205274)
Saoni Roy Choudhury (22052850)
kushagra sinha (2206271)
Adarsh Kumar Rath (22051131)
Samridhi Shree (22051610)
Kaustuv Pradhan (22051429)
Hrishav Ranjan (22053163)

Main Link: https://app.joinsuperset.com/students
Found at: 2025-07-28T21:04:33.868072
================================================================================


================================================================================
NEW POST FOUND: 2025-07-28 21:04:35.313074
================================================================================
Title: Open for applications - Qualcomm's Job Profile - IT Intern
Author: Madhusmita Behera
Posted: 13 days ago

Details:
Applications are now being accepted for Qualcomm's Job Profile: IT Intern.
Eligible students will be able to find this job profile under JOB PROFILES options, and apply.
Applicable Courses
B.Tech - Information Technology, KIITB_17
B.Tech - Computer Science & Engineering, KIITB_17
B.Tech - Computer Science & System Engineering, KIITB_17
B.Tech - Computer Science & Communication Engineering, KIITB_17
Eligibility
B.Tech

Main Link: https://app.joinsuperset.com/students
Found at: 2025-07-28T21:04:34.051184
================================================================================


================================================================================
NEW POST FOUND: 2025-07-28 21:04:35.313074
================================================================================
Title: Volvo Group India Pvt Ltd Recruitment Drive on 16th July'2025 for 2026 Graduating Batch
Author: Madhusmita Behera
Posted: 13 days ago

Details:
Kind Attenn : 2026 Graduating B.Tech(CSE/CS&SE/CS&CE/IT) Students
This is to inform all the above students that Volvo Group India (P) Ltd. Campus Recruitment Drive is scheduled on 16th July’2025 at KIIT Campus (Physically) .
All registered eligible students (who have registered in Volvo link) are directed to report as per the details mentioned below.
Process  : PPT on 16th July’2025 at 8.30 AM
: Declaration of Shortlisted list for the online test
: Online Test for the shortlisted students on 16th July’2025 at 12.30 PM at Campus-6 , Labs
: Interview(Tech + HR) at 3.30 PM onwards

Main Link: https://app.joinsuperset.com/students
Found at: 2025-07-28T21:04:34.223429
================================================================================


================================================================================
NEW POST FOUND: 2025-07-28 21:04:35.313074
================================================================================
Title: Open for applications - Techolution's Job Profile - GenAI Intern
Author: Madhusmita Behera
Posted: 14 days ago

Details:
Applications are now being accepted for Techolution's Job Profile: GenAI Intern.
Eligible students will be able to find this job profile under JOB PROFILES options, and apply.
Applicable Courses
M.Tech. - Computer Science & Engineering, KIITB_17
B.Tech - Computer Science & Communication Engineering, KIITB_17
B.Tech - Information Technology, KIITB_17
B.Tech - Computer Science & Engineering, KIITB_17
M.Tech. - Computer Science & Information Security, KIITB_17
B.Tech - Computer Science & System Engineering, KIITB_17

Main Link: https://app.joinsuperset.com/students
Found at: 2025-07-28T21:04:35.038761
================================================================================


================================================================================
NEW POST FOUND: 2025-07-29 13:48:27.012019
================================================================================
Title: CHUBB Internship Cum PPO Recruitment Drive - PPT on 30th July'2025 for 2026 Graduating Batch
Author: Madhusmita Behera
Posted: 30 minutes ago

Details:
Kind Atten n : 2026 Graduating B.Tech(CSE/CS&SE/CS&CE/IT) Students
This is to inform all the above students that CHUBB Internship cum PPO Recruitment Drive - PPT is scheduled on 30th July’2025 at KIIT Campus (Physically) .
All the eligible students are directed to report as per the details mentioned below.
Process  :  PPT
Reporting Date : 30th July’2025
Reporting Time : 10.00 AM
Reporting Venue : Auditorium,Campus-6,KIIT-DU
Note:
1.Carry any Govt. Identity Proof & College Id Card.
2.It is mandatory to be in formal attire during the PPT.

Main Link: https://app.joinsuperset.com/students
Found at: 2025-07-29T13:48:26.269198
================================================================================


================================================================================
NEW POST FOUND: 2025-07-29 14:35:23.687635
================================================================================
Title: Open for applications - Engati's Job Profile - Product Solution Associate Engineers
Author: Debjani Jena
Posted: an hour ago

Details:
Applications are now being accepted for Engati's Job Profile: Product Solution Associate Engineers.
Eligible students will be able to find this job profile under JOB PROFILES options, and apply.
Applicable Courses
B.Tech - Computer Science & Communication Engineering, KIITB_17
B.Tech - Computer Science & System Engineering, KIITB_17
B.Tech - Computer Science & Engineering, KIITB_17
B.Tech - Information Technology, KIITB_17
Eligibility
B.Tech
Undergraduate - 7 CGPA

Main Link: https://app.joinsuperset.com/students
Found at: 2025-07-29T14:35:23.131527
================================================================================

